[25-Jul-2025 23:14:11 Europe/Berlin] PHP Warning:  mysqli::__construct(): (HY000/1045): Access denied for user 'your_username'@'localhost' (using password: YES) in C:\xampp\htdocs\portofolio1\cookie_handler.php on line 18
[25-Jul-2025 23:14:11 Europe/Berlin] Connection failed: Access denied for user 'your_username'@'localhost' (using password: YES)
[25-Jul-2025 23:14:13 Europe/Berlin] PHP Warning:  mysqli::__construct(): (HY000/1045): Access denied for user 'your_username'@'localhost' (using password: YES) in C:\xampp\htdocs\portofolio1\cookie_handler.php on line 18
[25-Jul-2025 23:14:13 Europe/Berlin] Connection failed: Access denied for user 'your_username'@'localhost' (using password: YES)
[25-Jul-2025 23:15:54 Europe/Berlin] PHP Warning:  Undefined variable $servername in C:\xampp\htdocs\portofolio1\cookie_handler.php on line 18
[25-Jul-2025 23:15:54 Europe/Berlin] PHP Warning:  Undefined variable $username in C:\xampp\htdocs\portofolio1\cookie_handler.php on line 18
[25-Jul-2025 23:15:54 Europe/Berlin] PHP Warning:  Undefined variable $password in C:\xampp\htdocs\portofolio1\cookie_handler.php on line 18
[25-Jul-2025 23:15:54 Europe/Berlin] PHP Warning:  Undefined variable $dbname in C:\xampp\htdocs\portofolio1\cookie_handler.php on line 18
[25-Jul-2025 23:15:54 Europe/Berlin] PHP Warning:  mysqli::__construct(): (HY000/1045): Access denied for user ''@'localhost' (using password: NO) in C:\xampp\htdocs\portofolio1\cookie_handler.php on line 18
[25-Jul-2025 23:15:54 Europe/Berlin] Connection failed: Access denied for user ''@'localhost' (using password: NO)
[25-Jul-2025 23:15:55 Europe/Berlin] PHP Warning:  Undefined variable $servername in C:\xampp\htdocs\portofolio1\cookie_handler.php on line 18
[25-Jul-2025 23:15:55 Europe/Berlin] PHP Warning:  Undefined variable $username in C:\xampp\htdocs\portofolio1\cookie_handler.php on line 18
[25-Jul-2025 23:15:55 Europe/Berlin] PHP Warning:  Undefined variable $password in C:\xampp\htdocs\portofolio1\cookie_handler.php on line 18
[25-Jul-2025 23:15:55 Europe/Berlin] PHP Warning:  Undefined variable $dbname in C:\xampp\htdocs\portofolio1\cookie_handler.php on line 18
[25-Jul-2025 23:15:55 Europe/Berlin] PHP Warning:  mysqli::__construct(): (HY000/1045): Access denied for user ''@'localhost' (using password: NO) in C:\xampp\htdocs\portofolio1\cookie_handler.php on line 18
[25-Jul-2025 23:15:55 Europe/Berlin] Connection failed: Access denied for user ''@'localhost' (using password: NO)
[25-Jul-2025 23:19:38 Europe/Berlin] Geolocation API failed for IP: ::1
[25-Jul-2025 23:19:43 Europe/Berlin] Geolocation API failed for IP: ::1
[25-Jul-2025 23:20:03 Europe/Berlin] Geolocation API failed for IP: ::1
[25-Jul-2025 23:21:19 Europe/Berlin] Geolocation API failed for IP: ::1
[25-Jul-2025 23:21:40 Europe/Berlin] Geolocation API failed for IP: ::1
[25-Jul-2025 23:21:42 Europe/Berlin] Geolocation API failed for IP: ::1
[25-Jul-2025 23:22:42 Europe/Berlin] Geolocation API failed for IP: ::1
[25-Jul-2025 23:22:49 Europe/Berlin] Geolocation API failed for IP: ::1
[25-Jul-2025 23:23:33 Europe/Berlin] Geolocation API failed for IP: ::1
[25-Jul-2025 23:23:38 Europe/Berlin] Geolocation API failed for IP: ::1
[28-Jul-2025 10:43:17 Europe/Berlin] Geolocation API failed for IP: ::1
[28-Jul-2025 10:43:26 Europe/Berlin] Geolocation API failed for IP: ::1
[28-Jul-2025 10:43:30 Europe/Berlin] Geolocation API failed for IP: ::1
[28-Jul-2025 10:44:17 Europe/Berlin] Update failed: Lock wait timeout exceeded; try restarting transaction
[28-Jul-2025 10:44:21 Europe/Berlin] Update failed: Lock wait timeout exceeded; try restarting transaction
[28-Jul-2025 10:45:10 Europe/Berlin] Geolocation API failed for IP: ::1
[28-Jul-2025 10:45:12 Europe/Berlin] Geolocation API failed for IP: ::1
[28-Jul-2025 10:45:34 Europe/Berlin] Geolocation API failed for IP: ::1
[28-Jul-2025 10:45:44 Europe/Berlin] Geolocation API failed for IP: ::1
[28-Jul-2025 10:45:46 Europe/Berlin] Geolocation API failed for IP: ::1
[28-Jul-2025 10:45:54 Europe/Berlin] Geolocation API failed for IP: ::1
[28-Jul-2025 10:45:56 Europe/Berlin] Geolocation API failed for IP: ::1
[28-Jul-2025 10:46:01 Europe/Berlin] Update failed: Lock wait timeout exceeded; try restarting transaction
[28-Jul-2025 10:46:03 Europe/Berlin] Update failed: Lock wait timeout exceeded; try restarting transaction
[28-Jul-2025 10:46:25 Europe/Berlin] Update failed: Lock wait timeout exceeded; try restarting transaction
[28-Jul-2025 10:46:35 Europe/Berlin] Update failed: Lock wait timeout exceeded; try restarting transaction
[28-Jul-2025 10:46:37 Europe/Berlin] Update failed: Lock wait timeout exceeded; try restarting transaction
[28-Jul-2025 10:46:45 Europe/Berlin] Update failed: Lock wait timeout exceeded; try restarting transaction
[28-Jul-2025 10:46:47 Europe/Berlin] Update failed: Lock wait timeout exceeded; try restarting transaction
[28-Jul-2025 10:47:45 Europe/Berlin] Geolocation API failed for IP: ::1
[28-Jul-2025 10:47:47 Europe/Berlin] Geolocation API failed for IP: ::1
[28-Jul-2025 10:47:50 Europe/Berlin] Geolocation API failed for IP: ::1
[28-Jul-2025 10:48:00 Europe/Berlin] Geolocation API failed for IP: ::1
[28-Jul-2025 10:48:06 Europe/Berlin] Geolocation API failed for IP: ::1
[28-Jul-2025 10:48:08 Europe/Berlin] Geolocation API failed for IP: ::1
[28-Jul-2025 10:48:36 Europe/Berlin] Update failed: Lock wait timeout exceeded; try restarting transaction
[28-Jul-2025 10:48:38 Europe/Berlin] Update failed: Lock wait timeout exceeded; try restarting transaction
[28-Jul-2025 10:48:38 Europe/Berlin] Geolocation API failed for IP: ::1
[28-Jul-2025 10:48:41 Europe/Berlin] Update failed: Lock wait timeout exceeded; try restarting transaction
[28-Jul-2025 10:48:46 Europe/Berlin] Geolocation API failed for IP: ::1
[28-Jul-2025 10:48:51 Europe/Berlin] Update failed: Lock wait timeout exceeded; try restarting transaction
[28-Jul-2025 10:48:57 Europe/Berlin] Update failed: Lock wait timeout exceeded; try restarting transaction
[28-Jul-2025 10:48:59 Europe/Berlin] Update failed: Lock wait timeout exceeded; try restarting transaction
[28-Jul-2025 10:49:07 Europe/Berlin] Geolocation API failed for IP: ::1
[28-Jul-2025 10:49:28 Europe/Berlin] Geolocation API failed for IP: ::1
[28-Jul-2025 10:49:29 Europe/Berlin] Update failed: Lock wait timeout exceeded; try restarting transaction
[28-Jul-2025 10:49:37 Europe/Berlin] Update failed: Lock wait timeout exceeded; try restarting transaction
[28-Jul-2025 10:49:40 Europe/Berlin] Geolocation API failed for IP: ::1
[28-Jul-2025 10:49:58 Europe/Berlin] Update failed: Lock wait timeout exceeded; try restarting transaction
[28-Jul-2025 10:50:02 Europe/Berlin] Geolocation API failed for IP: ::1
[28-Jul-2025 10:50:09 Europe/Berlin] Geolocation API failed for IP: ::1
[28-Jul-2025 10:50:19 Europe/Berlin] Geolocation API failed for IP: ::1
[28-Jul-2025 10:50:19 Europe/Berlin] Update failed: Lock wait timeout exceeded; try restarting transaction
[28-Jul-2025 10:50:30 Europe/Berlin] Geolocation API failed for IP: ::1
[28-Jul-2025 10:50:31 Europe/Berlin] Update failed: Lock wait timeout exceeded; try restarting transaction
[28-Jul-2025 10:50:53 Europe/Berlin] Update failed: Lock wait timeout exceeded; try restarting transaction
[28-Jul-2025 10:50:56 Europe/Berlin] Geolocation API failed for IP: ::1
[28-Jul-2025 10:51:00 Europe/Berlin] Update failed: Lock wait timeout exceeded; try restarting transaction
[28-Jul-2025 10:51:10 Europe/Berlin] Update failed: Lock wait timeout exceeded; try restarting transaction
[28-Jul-2025 10:51:12 Europe/Berlin] Geolocation API failed for IP: ::1
[28-Jul-2025 10:51:18 Europe/Berlin] Geolocation API failed for IP: ::1
[28-Jul-2025 10:51:20 Europe/Berlin] Geolocation API failed for IP: ::1
[28-Jul-2025 10:51:21 Europe/Berlin] Update failed: Lock wait timeout exceeded; try restarting transaction
[28-Jul-2025 10:51:27 Europe/Berlin] Geolocation API failed for IP: ::1
[28-Jul-2025 10:51:31 Europe/Berlin] Geolocation API failed for IP: ::1
[28-Jul-2025 10:51:47 Europe/Berlin] Update failed: Lock wait timeout exceeded; try restarting transaction
[28-Jul-2025 10:51:56 Europe/Berlin] Geolocation API failed for IP: ::1
[28-Jul-2025 10:52:00 Europe/Berlin] Geolocation API failed for IP: ::1
[28-Jul-2025 10:52:03 Europe/Berlin] Update failed: Lock wait timeout exceeded; try restarting transaction
[28-Jul-2025 10:52:05 Europe/Berlin] Geolocation API failed for IP: ::1
[28-Jul-2025 10:52:07 Europe/Berlin] Geolocation API failed for IP: ::1
[28-Jul-2025 10:52:09 Europe/Berlin] Update failed: Lock wait timeout exceeded; try restarting transaction
[28-Jul-2025 10:52:11 Europe/Berlin] Update failed: Lock wait timeout exceeded; try restarting transaction
[28-Jul-2025 10:52:12 Europe/Berlin] Geolocation API failed for IP: ::1
[28-Jul-2025 10:52:18 Europe/Berlin] Update failed: Lock wait timeout exceeded; try restarting transaction
[28-Jul-2025 10:52:19 Europe/Berlin] Geolocation API failed for IP: ::1
[28-Jul-2025 10:52:22 Europe/Berlin] Update failed: Lock wait timeout exceeded; try restarting transaction
[28-Jul-2025 10:52:25 Europe/Berlin] Geolocation API failed for IP: ::1
[28-Jul-2025 10:52:40 Europe/Berlin] Geolocation API failed for IP: ::1
[28-Jul-2025 10:52:42 Europe/Berlin] Geolocation API failed for IP: ::1
[28-Jul-2025 10:52:47 Europe/Berlin] Update failed: Lock wait timeout exceeded; try restarting transaction
[28-Jul-2025 10:52:51 Europe/Berlin] Update failed: Lock wait timeout exceeded; try restarting transaction
[28-Jul-2025 10:52:56 Europe/Berlin] Update failed: Lock wait timeout exceeded; try restarting transaction
[28-Jul-2025 10:52:58 Europe/Berlin] Update failed: Lock wait timeout exceeded; try restarting transaction
[28-Jul-2025 10:53:03 Europe/Berlin] Update failed: Lock wait timeout exceeded; try restarting transaction
[28-Jul-2025 10:53:10 Europe/Berlin] Update failed: Lock wait timeout exceeded; try restarting transaction
[28-Jul-2025 10:53:11 Europe/Berlin] Geolocation API failed for IP: ::1
[28-Jul-2025 10:53:16 Europe/Berlin] Update failed: Lock wait timeout exceeded; try restarting transaction
[28-Jul-2025 10:53:22 Europe/Berlin] Geolocation API failed for IP: ::1
[28-Jul-2025 10:53:23 Europe/Berlin] Geolocation API failed for IP: ::1
[28-Jul-2025 10:53:31 Europe/Berlin] Update failed: Lock wait timeout exceeded; try restarting transaction
[28-Jul-2025 10:53:33 Europe/Berlin] Update failed: Lock wait timeout exceeded; try restarting transaction
[28-Jul-2025 10:53:33 Europe/Berlin] Geolocation API failed for IP: ::1
[28-Jul-2025 10:53:38 Europe/Berlin] Geolocation API failed for IP: ::1
[28-Jul-2025 10:53:44 Europe/Berlin] Geolocation API failed for IP: ::1
[28-Jul-2025 10:53:54 Europe/Berlin] Geolocation API failed for IP: ::1
[28-Jul-2025 10:54:00 Europe/Berlin] Geolocation API failed for IP: ::1
[28-Jul-2025 10:54:02 Europe/Berlin] Update failed: Lock wait timeout exceeded; try restarting transaction
[28-Jul-2025 10:54:07 Europe/Berlin] Geolocation API failed for IP: ::1
[28-Jul-2025 10:54:13 Europe/Berlin] Update failed: Lock wait timeout exceeded; try restarting transaction
[28-Jul-2025 10:54:14 Europe/Berlin] Update failed: Lock wait timeout exceeded; try restarting transaction
[28-Jul-2025 10:54:24 Europe/Berlin] Update failed: Lock wait timeout exceeded; try restarting transaction
[28-Jul-2025 10:54:29 Europe/Berlin] Update failed: Lock wait timeout exceeded; try restarting transaction
[28-Jul-2025 10:54:30 Europe/Berlin] Geolocation API failed for IP: ::1
[28-Jul-2025 10:54:35 Europe/Berlin] Geolocation API failed for IP: ::1
[28-Jul-2025 10:54:35 Europe/Berlin] Update failed: Lock wait timeout exceeded; try restarting transaction
[28-Jul-2025 10:54:45 Europe/Berlin] Update failed: Lock wait timeout exceeded; try restarting transaction
[28-Jul-2025 10:54:50 Europe/Berlin] Geolocation API failed for IP: ::1
[28-Jul-2025 10:54:51 Europe/Berlin] Update failed: Lock wait timeout exceeded; try restarting transaction
[28-Jul-2025 10:54:58 Europe/Berlin] Update failed: Lock wait timeout exceeded; try restarting transaction
[28-Jul-2025 10:55:03 Europe/Berlin] Geolocation API failed for IP: ::1
[28-Jul-2025 10:55:11 Europe/Berlin] Geolocation API failed for IP: ::1
[28-Jul-2025 10:55:21 Europe/Berlin] Geolocation API failed for IP: ::1
[28-Jul-2025 10:55:21 Europe/Berlin] Update failed: Lock wait timeout exceeded; try restarting transaction
[28-Jul-2025 10:55:26 Europe/Berlin] Update failed: Lock wait timeout exceeded; try restarting transaction
[28-Jul-2025 10:55:32 Europe/Berlin] Geolocation API failed for IP: ::1
[28-Jul-2025 10:55:41 Europe/Berlin] Geolocation API failed for IP: ::1
[28-Jul-2025 10:55:41 Europe/Berlin] Update failed: Lock wait timeout exceeded; try restarting transaction
[28-Jul-2025 10:55:48 Europe/Berlin] Geolocation API failed for IP: ::1
[28-Jul-2025 10:55:53 Europe/Berlin] Geolocation API failed for IP: ::1
[28-Jul-2025 10:55:54 Europe/Berlin] Update failed: Lock wait timeout exceeded; try restarting transaction
[28-Jul-2025 10:56:02 Europe/Berlin] Update failed: Lock wait timeout exceeded; try restarting transaction
[28-Jul-2025 10:56:12 Europe/Berlin] Update failed: Lock wait timeout exceeded; try restarting transaction
[28-Jul-2025 10:56:23 Europe/Berlin] Update failed: Lock wait timeout exceeded; try restarting transaction
[28-Jul-2025 10:56:24 Europe/Berlin] Geolocation API failed for IP: ::1
[28-Jul-2025 10:56:29 Europe/Berlin] Geolocation API failed for IP: ::1
[28-Jul-2025 10:56:32 Europe/Berlin] Update failed: Lock wait timeout exceeded; try restarting transaction
[28-Jul-2025 10:56:36 Europe/Berlin] Geolocation API failed for IP: ::1
[28-Jul-2025 10:56:38 Europe/Berlin] Update failed: MySQL server has gone away
[28-Jul-2025 10:56:38 Europe/Berlin] Update failed: MySQL server has gone away
[28-Jul-2025 10:56:38 Europe/Berlin] Update failed: MySQL server has gone away
[28-Jul-2025 10:56:38 Europe/Berlin] PHP Fatal error:  Maximum execution time of 120 seconds exceeded in C:\xampp\htdocs\portofolio1\cookie_handler.php on line 82
[28-Jul-2025 10:56:38 Europe/Berlin] Update failed: MySQL server has gone away
[28-Jul-2025 10:56:38 Europe/Berlin] Update failed: MySQL server has gone away
[28-Jul-2025 10:56:48 Europe/Berlin] PHP Warning:  mysqli::__construct(): (HY000/2002): No connection could be made because the target machine actively refused it in C:\xampp\htdocs\portofolio1\cookie_handler.php on line 16
[28-Jul-2025 10:56:48 Europe/Berlin] Connection failed: No connection could be made because the target machine actively refused it
[28-Jul-2025 10:56:58 Europe/Berlin] PHP Warning:  mysqli::__construct(): (HY000/2002): No connection could be made because the target machine actively refused it in C:\xampp\htdocs\portofolio1\cookie_handler.php on line 16
[28-Jul-2025 10:56:58 Europe/Berlin] Connection failed: No connection could be made because the target machine actively refused it
[28-Jul-2025 10:57:01 Europe/Berlin] PHP Warning:  mysqli::__construct(): (HY000/2002): No connection could be made because the target machine actively refused it in C:\xampp\htdocs\portofolio1\cookie_handler.php on line 16
[28-Jul-2025 10:57:01 Europe/Berlin] Connection failed: No connection could be made because the target machine actively refused it
[28-Jul-2025 10:57:14 Europe/Berlin] PHP Warning:  mysqli::__construct(): (HY000/2002): No connection could be made because the target machine actively refused it in C:\xampp\htdocs\portofolio1\cookie_handler.php on line 16
[28-Jul-2025 10:57:14 Europe/Berlin] Connection failed: No connection could be made because the target machine actively refused it
[28-Jul-2025 10:57:19 Europe/Berlin] PHP Warning:  mysqli::__construct(): (HY000/2002): No connection could be made because the target machine actively refused it in C:\xampp\htdocs\portofolio1\cookie_handler.php on line 16
[28-Jul-2025 10:57:19 Europe/Berlin] Connection failed: No connection could be made because the target machine actively refused it
[28-Jul-2025 10:58:51 Europe/Berlin] PHP Warning:  mysqli::__construct(): (HY000/2002): No connection could be made because the target machine actively refused it in C:\xampp\htdocs\portofolio1\cookie_handler.php on line 16
[28-Jul-2025 10:58:51 Europe/Berlin] Connection failed: No connection could be made because the target machine actively refused it
[28-Jul-2025 10:58:54 Europe/Berlin] PHP Warning:  mysqli::__construct(): (HY000/2002): No connection could be made because the target machine actively refused it in C:\xampp\htdocs\portofolio1\cookie_handler.php on line 16
[28-Jul-2025 10:58:54 Europe/Berlin] Connection failed: No connection could be made because the target machine actively refused it
[28-Jul-2025 11:00:26 Europe/Berlin] PHP Warning:  mysqli::__construct(): (HY000/2002): No connection could be made because the target machine actively refused it in C:\xampp\htdocs\portofolio1\cookie_handler.php on line 16
[28-Jul-2025 11:00:26 Europe/Berlin] Connection failed: No connection could be made because the target machine actively refused it
[28-Jul-2025 11:01:13 Europe/Berlin] PHP Warning:  mysqli::__construct(): (HY000/2002): No connection could be made because the target machine actively refused it in C:\xampp\htdocs\portofolio1\cookie_handler.php on line 16
[28-Jul-2025 11:01:13 Europe/Berlin] Connection failed: No connection could be made because the target machine actively refused it
[28-Jul-2025 11:01:17 Europe/Berlin] PHP Warning:  mysqli::__construct(): (HY000/2002): No connection could be made because the target machine actively refused it in C:\xampp\htdocs\portofolio1\cookie_handler.php on line 16
[28-Jul-2025 11:01:17 Europe/Berlin] Connection failed: No connection could be made because the target machine actively refused it
[28-Jul-2025 11:02:23 Europe/Berlin] PHP Warning:  mysqli::__construct(): (HY000/2002): No connection could be made because the target machine actively refused it in C:\xampp\htdocs\portofolio1\cookie_handler.php on line 16
[28-Jul-2025 11:02:23 Europe/Berlin] Connection failed: No connection could be made because the target machine actively refused it
[28-Jul-2025 11:02:51 Europe/Berlin] PHP Warning:  mysqli::__construct(): (HY000/2002): No connection could be made because the target machine actively refused it in C:\xampp\htdocs\portofolio1\cookie_handler.php on line 16
[28-Jul-2025 11:02:51 Europe/Berlin] Connection failed: No connection could be made because the target machine actively refused it
[28-Jul-2025 11:03:39 Europe/Berlin] PHP Warning:  mysqli::__construct(): (HY000/2002): No connection could be made because the target machine actively refused it in C:\xampp\htdocs\portofolio1\cookie_handler.php on line 16
[28-Jul-2025 11:03:39 Europe/Berlin] Connection failed: No connection could be made because the target machine actively refused it
[28-Jul-2025 11:03:52 Europe/Berlin] PHP Warning:  mysqli::__construct(): (HY000/2002): No connection could be made because the target machine actively refused it in C:\xampp\htdocs\portofolio1\cookie_handler.php on line 16
[28-Jul-2025 11:03:52 Europe/Berlin] Connection failed: No connection could be made because the target machine actively refused it
[28-Jul-2025 11:04:17 Europe/Berlin] PHP Warning:  mysqli::__construct(): (HY000/2002): No connection could be made because the target machine actively refused it in C:\xampp\htdocs\portofolio1\cookie_handler.php on line 16
[28-Jul-2025 11:04:17 Europe/Berlin] Connection failed: No connection could be made because the target machine actively refused it
[28-Jul-2025 11:05:18 Europe/Berlin] PHP Warning:  mysqli::__construct(): (HY000/2002): No connection could be made because the target machine actively refused it in C:\xampp\htdocs\portofolio1\cookie_handler.php on line 16
[28-Jul-2025 11:05:18 Europe/Berlin] Connection failed: No connection could be made because the target machine actively refused it
[28-Jul-2025 11:05:31 Europe/Berlin] PHP Warning:  mysqli::__construct(): (HY000/2002): No connection could be made because the target machine actively refused it in C:\xampp\htdocs\portofolio1\cookie_handler.php on line 16
[28-Jul-2025 11:05:31 Europe/Berlin] Connection failed: No connection could be made because the target machine actively refused it
[28-Jul-2025 11:06:23 Europe/Berlin] PHP Warning:  mysqli::__construct(): (HY000/2002): No connection could be made because the target machine actively refused it in C:\xampp\htdocs\portofolio1\cookie_handler.php on line 16
[28-Jul-2025 11:06:23 Europe/Berlin] Connection failed: No connection could be made because the target machine actively refused it
[28-Jul-2025 11:07:30 Europe/Berlin] PHP Warning:  mysqli::__construct(): (HY000/2002): No connection could be made because the target machine actively refused it in C:\xampp\htdocs\portofolio1\cookie_handler.php on line 16
[28-Jul-2025 11:07:30 Europe/Berlin] Connection failed: No connection could be made because the target machine actively refused it
[28-Jul-2025 11:07:45 Europe/Berlin] PHP Warning:  mysqli::__construct(): (HY000/2002): No connection could be made because the target machine actively refused it in C:\xampp\htdocs\portofolio1\cookie_handler.php on line 16
[28-Jul-2025 11:07:45 Europe/Berlin] Connection failed: No connection could be made because the target machine actively refused it
[28-Jul-2025 11:09:05 Europe/Berlin] PHP Warning:  mysqli::__construct(): (HY000/2002): No connection could be made because the target machine actively refused it in C:\xampp\htdocs\portofolio1\cookie_handler.php on line 16
[28-Jul-2025 11:09:05 Europe/Berlin] Connection failed: No connection could be made because the target machine actively refused it
[28-Jul-2025 11:09:07 Europe/Berlin] PHP Warning:  mysqli::__construct(): (HY000/2002): No connection could be made because the target machine actively refused it in C:\xampp\htdocs\portofolio1\cookie_handler.php on line 16
[28-Jul-2025 11:09:07 Europe/Berlin] Connection failed: No connection could be made because the target machine actively refused it
[28-Jul-2025 11:09:15 Europe/Berlin] PHP Warning:  mysqli::__construct(): (HY000/2002): No connection could be made because the target machine actively refused it in C:\xampp\htdocs\portofolio1\cookie_handler.php on line 16
[28-Jul-2025 11:09:15 Europe/Berlin] Connection failed: No connection could be made because the target machine actively refused it
[28-Jul-2025 11:09:50 Europe/Berlin] PHP Warning:  mysqli::__construct(): (HY000/2002): No connection could be made because the target machine actively refused it in C:\xampp\htdocs\portofolio1\cookie_handler.php on line 16
[28-Jul-2025 11:09:50 Europe/Berlin] Connection failed: No connection could be made because the target machine actively refused it
[28-Jul-2025 11:09:58 Europe/Berlin] PHP Warning:  mysqli::__construct(): (HY000/2002): No connection could be made because the target machine actively refused it in C:\xampp\htdocs\portofolio1\cookie_handler.php on line 16
[28-Jul-2025 11:09:58 Europe/Berlin] Connection failed: No connection could be made because the target machine actively refused it
[28-Jul-2025 11:10:02 Europe/Berlin] PHP Warning:  mysqli::__construct(): (HY000/2002): No connection could be made because the target machine actively refused it in C:\xampp\htdocs\portofolio1\cookie_handler.php on line 16
[28-Jul-2025 11:10:02 Europe/Berlin] Connection failed: No connection could be made because the target machine actively refused it
[28-Jul-2025 11:16:44 Europe/Berlin] PHP Warning:  mysqli::__construct(): (HY000/2002): No connection could be made because the target machine actively refused it in C:\xampp\htdocs\portofolio1\cookie_handler.php on line 16
[28-Jul-2025 11:16:44 Europe/Berlin] Connection failed: No connection could be made because the target machine actively refused it
